{"/Users/pillgyeom/Desktop/jokeUI/src/components/Button/Button.tsx": {"path":"/Users/pillgyeom/Desktop/jokeUI/src/components/Button/Button.tsx","statementMap":{"0":{"start":{"line":4,"column":2},"end":{"line":10,"column":4}}},"fnMap":{"0":{"name":"Button","decl":{"start":{"line":3,"column":24},"end":{"line":3,"column":30}},"loc":{"start":{"line":3,"column":45},"end":{"line":11,"column":1}},"line":3}},"branchMap":{},"s":{"0":45},"f":{"0":45},"b":{},"_coverageSchema":"1a1c01bbd47fc00a2c39e90264f33305004495a9","hash":"69faa35efea122e12b6e4905388211666b68719e"}
,"/Users/pillgyeom/Desktop/jokeUI/src/components/Button/index.ts": {"path":"/Users/pillgyeom/Desktop/jokeUI/src/components/Button/index.ts","statementMap":{},"fnMap":{},"branchMap":{},"s":{},"f":{},"b":{},"_coverageSchema":"1a1c01bbd47fc00a2c39e90264f33305004495a9","hash":"1755057e1e7c01658f12787a0022ba6b63094978"}
,"/Users/pillgyeom/Desktop/jokeUI/src/components/LineDrawer/LineDrawer.tsx": {"path":"/Users/pillgyeom/Desktop/jokeUI/src/components/LineDrawer/LineDrawer.tsx","statementMap":{"0":{"start":{"line":6,"column":20},"end":{"line":6,"column":51}},"1":{"start":{"line":7,"column":21},"end":{"line":7,"column":66}},"2":{"start":{"line":9,"column":34},"end":{"line":9,"column":45}},"3":{"start":{"line":10,"column":28},"end":{"line":10,"column":45}},"4":{"start":{"line":12,"column":64},"end":{"line":12,"column":95}},"5":{"start":{"line":14,"column":2},"end":{"line":23,"column":24}},"6":{"start":{"line":15,"column":19},"end":{"line":15,"column":36}},"7":{"start":{"line":16,"column":20},"end":{"line":16,"column":44}},"8":{"start":{"line":17,"column":4},"end":{"line":22,"column":5}},"9":{"start":{"line":18,"column":6},"end":{"line":18,"column":32}},"10":{"start":{"line":19,"column":6},"end":{"line":19,"column":39}},"11":{"start":{"line":20,"column":6},"end":{"line":20,"column":48}},"12":{"start":{"line":21,"column":6},"end":{"line":21,"column":35}},"13":{"start":{"line":25,"column":2},"end":{"line":39,"column":4}}},"fnMap":{"0":{"name":"LineDrawer","decl":{"start":{"line":5,"column":24},"end":{"line":5,"column":34}},"loc":{"start":{"line":5,"column":37},"end":{"line":40,"column":1}},"line":5},"1":{"name":"(anonymous_1)","decl":{"start":{"line":14,"column":12},"end":{"line":14,"column":13}},"loc":{"start":{"line":14,"column":18},"end":{"line":23,"column":3}},"line":14}},"branchMap":{"0":{"loc":{"start":{"line":17,"column":4},"end":{"line":22,"column":5}},"type":"if","locations":[{"start":{"line":17,"column":4},"end":{"line":22,"column":5}},{"start":{},"end":{}}],"line":17}},"s":{"0":6,"1":6,"2":6,"3":6,"4":6,"5":6,"6":2,"7":2,"8":2,"9":2,"10":2,"11":2,"12":2,"13":6},"f":{"0":6,"1":2},"b":{"0":[2,0]},"_coverageSchema":"1a1c01bbd47fc00a2c39e90264f33305004495a9","hash":"8944ba953ee5fcfc58b7eaddeba6ed51aafebe87"}
,"/Users/pillgyeom/Desktop/jokeUI/src/components/LineDrawer/index.ts": {"path":"/Users/pillgyeom/Desktop/jokeUI/src/components/LineDrawer/index.ts","statementMap":{},"fnMap":{},"branchMap":{},"s":{},"f":{},"b":{},"_coverageSchema":"1a1c01bbd47fc00a2c39e90264f33305004495a9","hash":"6176220b90a18d60125b7cdc87133707c008016c"}
,"/Users/pillgyeom/Desktop/jokeUI/src/components/Pallet/Pallet.tsx": {"path":"/Users/pillgyeom/Desktop/jokeUI/src/components/Pallet/Pallet.tsx","statementMap":{"0":{"start":{"line":13,"column":40},"end":{"line":13,"column":55}},"1":{"start":{"line":14,"column":88},"end":{"line":18,"column":4}},"2":{"start":{"line":19,"column":27},"end":{"line":21,"column":3}},"3":{"start":{"line":20,"column":4},"end":{"line":20,"column":33}},"4":{"start":{"line":22,"column":2},"end":{"line":43,"column":4}},"5":{"start":{"line":30,"column":10},"end":{"line":32,"column":19}},"6":{"start":{"line":30,"column":33},"end":{"line":30,"column":54}},"7":{"start":{"line":37,"column":10},"end":{"line":39,"column":19}}},"fnMap":{"0":{"name":"Pallet","decl":{"start":{"line":12,"column":24},"end":{"line":12,"column":30}},"loc":{"start":{"line":12,"column":83},"end":{"line":44,"column":1}},"line":12},"1":{"name":"(anonymous_1)","decl":{"start":{"line":19,"column":27},"end":{"line":19,"column":28}},"loc":{"start":{"line":19,"column":33},"end":{"line":21,"column":3}},"line":19},"2":{"name":"(anonymous_2)","decl":{"start":{"line":29,"column":21},"end":{"line":29,"column":22}},"loc":{"start":{"line":30,"column":10},"end":{"line":32,"column":19}},"line":30},"3":{"name":"(anonymous_3)","decl":{"start":{"line":30,"column":27},"end":{"line":30,"column":28}},"loc":{"start":{"line":30,"column":33},"end":{"line":30,"column":54}},"line":30},"4":{"name":"(anonymous_4)","decl":{"start":{"line":36,"column":27},"end":{"line":36,"column":28}},"loc":{"start":{"line":37,"column":10},"end":{"line":39,"column":19}},"line":37}},"branchMap":{"0":{"loc":{"start":{"line":28,"column":7},"end":{"line":33,"column":10}},"type":"binary-expr","locations":[{"start":{"line":28,"column":7},"end":{"line":28,"column":18}},{"start":{"line":29,"column":8},"end":{"line":33,"column":10}}],"line":28}},"s":{"0":10,"1":10,"2":10,"3":1,"4":10,"5":5,"6":0,"7":100},"f":{"0":10,"1":1,"2":5,"3":0,"4":100},"b":{"0":[10,1]},"_coverageSchema":"1a1c01bbd47fc00a2c39e90264f33305004495a9","hash":"8dd478c6324144feb5fedfd3e2105c9ddd468d60"}
,"/Users/pillgyeom/Desktop/jokeUI/src/components/Pallet/index.ts": {"path":"/Users/pillgyeom/Desktop/jokeUI/src/components/Pallet/index.ts","statementMap":{},"fnMap":{},"branchMap":{},"s":{},"f":{},"b":{},"_coverageSchema":"1a1c01bbd47fc00a2c39e90264f33305004495a9","hash":"942ca7d02f3cd60349d4f4f12315953928fce414"}
,"/Users/pillgyeom/Desktop/jokeUI/src/utils/LineDrawerUtils.ts": {"path":"/Users/pillgyeom/Desktop/jokeUI/src/utils/LineDrawerUtils.ts","statementMap":{"0":{"start":{"line":7,"column":24},"end":{"line":39,"column":1}},"1":{"start":{"line":8,"column":36},"end":{"line":8,"column":51}},"2":{"start":{"line":9,"column":29},"end":{"line":19,"column":3}},"3":{"start":{"line":10,"column":33},"end":{"line":10,"column":44}},"4":{"start":{"line":11,"column":4},"end":{"line":17,"column":5}},"5":{"start":{"line":12,"column":6},"end":{"line":12,"column":37}},"6":{"start":{"line":13,"column":6},"end":{"line":13,"column":50}},"7":{"start":{"line":14,"column":6},"end":{"line":14,"column":50}},"8":{"start":{"line":15,"column":6},"end":{"line":15,"column":34}},"9":{"start":{"line":16,"column":6},"end":{"line":16,"column":25}},"10":{"start":{"line":18,"column":4},"end":{"line":18,"column":33}},"11":{"start":{"line":21,"column":21},"end":{"line":29,"column":3}},"12":{"start":{"line":22,"column":4},"end":{"line":24,"column":5}},"13":{"start":{"line":23,"column":6},"end":{"line":23,"column":13}},"14":{"start":{"line":25,"column":33},"end":{"line":25,"column":44}},"15":{"start":{"line":26,"column":4},"end":{"line":26,"column":48}},"16":{"start":{"line":27,"column":4},"end":{"line":27,"column":32}},"17":{"start":{"line":28,"column":4},"end":{"line":28,"column":33}},"18":{"start":{"line":31,"column":28},"end":{"line":36,"column":3}},"19":{"start":{"line":32,"column":4},"end":{"line":35,"column":5}},"20":{"start":{"line":33,"column":6},"end":{"line":33,"column":37}},"21":{"start":{"line":34,"column":6},"end":{"line":34,"column":26}},"22":{"start":{"line":38,"column":2},"end":{"line":38,"column":63}}},"fnMap":{"0":{"name":"(anonymous_0)","decl":{"start":{"line":7,"column":24},"end":{"line":7,"column":25}},"loc":{"start":{"line":7,"column":66},"end":{"line":39,"column":1}},"line":7},"1":{"name":"(anonymous_1)","decl":{"start":{"line":9,"column":29},"end":{"line":9,"column":30}},"loc":{"start":{"line":9,"column":55},"end":{"line":19,"column":3}},"line":9},"2":{"name":"(anonymous_2)","decl":{"start":{"line":21,"column":21},"end":{"line":21,"column":22}},"loc":{"start":{"line":21,"column":47},"end":{"line":29,"column":3}},"line":21},"3":{"name":"(anonymous_3)","decl":{"start":{"line":31,"column":28},"end":{"line":31,"column":29}},"loc":{"start":{"line":31,"column":34},"end":{"line":36,"column":3}},"line":31}},"branchMap":{"0":{"loc":{"start":{"line":11,"column":4},"end":{"line":17,"column":5}},"type":"if","locations":[{"start":{"line":11,"column":4},"end":{"line":17,"column":5}},{"start":{},"end":{}}],"line":11},"1":{"loc":{"start":{"line":22,"column":4},"end":{"line":24,"column":5}},"type":"if","locations":[{"start":{"line":22,"column":4},"end":{"line":24,"column":5}},{"start":{},"end":{}}],"line":22},"2":{"loc":{"start":{"line":22,"column":8},"end":{"line":22,"column":41}},"type":"binary-expr","locations":[{"start":{"line":22,"column":8},"end":{"line":22,"column":18}},{"start":{"line":22,"column":22},"end":{"line":22,"column":41}}],"line":22},"3":{"loc":{"start":{"line":32,"column":4},"end":{"line":35,"column":5}},"type":"if","locations":[{"start":{"line":32,"column":4},"end":{"line":35,"column":5}},{"start":{},"end":{}}],"line":32}},"s":{"0":1,"1":6,"2":6,"3":2,"4":2,"5":2,"6":2,"7":2,"8":2,"9":2,"10":2,"11":6,"12":2,"13":0,"14":2,"15":2,"16":2,"17":2,"18":6,"19":2,"20":2,"21":2,"22":6},"f":{"0":6,"1":2,"2":2,"3":2},"b":{"0":[2,0],"1":[0,2],"2":[2,2],"3":[2,0]},"_coverageSchema":"1a1c01bbd47fc00a2c39e90264f33305004495a9","hash":"52def22e26bce1695ce0ca4f44ae83719abd4114"}
,"/Users/pillgyeom/Desktop/jokeUI/src/utils/PalletUtils.ts": {"path":"/Users/pillgyeom/Desktop/jokeUI/src/utils/PalletUtils.ts","statementMap":{"0":{"start":{"line":7,"column":20},"end":{"line":36,"column":1}},"1":{"start":{"line":8,"column":21},"end":{"line":12,"column":3}},"2":{"start":{"line":9,"column":4},"end":{"line":11,"column":5}},"3":{"start":{"line":10,"column":6},"end":{"line":10,"column":71}},"4":{"start":{"line":14,"column":23},"end":{"line":18,"column":3}},"5":{"start":{"line":15,"column":4},"end":{"line":17,"column":5}},"6":{"start":{"line":16,"column":6},"end":{"line":16,"column":70}},"7":{"start":{"line":20,"column":26},"end":{"line":24,"column":3}},"8":{"start":{"line":21,"column":4},"end":{"line":23,"column":5}},"9":{"start":{"line":22,"column":6},"end":{"line":22,"column":108}},"10":{"start":{"line":26,"column":25},"end":{"line":28,"column":3}},"11":{"start":{"line":27,"column":4},"end":{"line":27,"column":23}},"12":{"start":{"line":30,"column":25},"end":{"line":33,"column":3}},"13":{"start":{"line":31,"column":21},"end":{"line":31,"column":35}},"14":{"start":{"line":32,"column":4},"end":{"line":32,"column":34}},"15":{"start":{"line":35,"column":2},"end":{"line":35,"column":87}}},"fnMap":{"0":{"name":"(anonymous_0)","decl":{"start":{"line":7,"column":20},"end":{"line":7,"column":21}},"loc":{"start":{"line":7,"column":81},"end":{"line":36,"column":1}},"line":7},"1":{"name":"(anonymous_1)","decl":{"start":{"line":8,"column":21},"end":{"line":8,"column":22}},"loc":{"start":{"line":8,"column":27},"end":{"line":12,"column":3}},"line":8},"2":{"name":"(anonymous_2)","decl":{"start":{"line":14,"column":23},"end":{"line":14,"column":24}},"loc":{"start":{"line":14,"column":29},"end":{"line":18,"column":3}},"line":14},"3":{"name":"(anonymous_3)","decl":{"start":{"line":20,"column":26},"end":{"line":20,"column":27}},"loc":{"start":{"line":20,"column":32},"end":{"line":24,"column":3}},"line":20},"4":{"name":"(anonymous_4)","decl":{"start":{"line":26,"column":25},"end":{"line":26,"column":26}},"loc":{"start":{"line":26,"column":47},"end":{"line":28,"column":3}},"line":26},"5":{"name":"(anonymous_5)","decl":{"start":{"line":30,"column":25},"end":{"line":30,"column":26}},"loc":{"start":{"line":30,"column":70},"end":{"line":33,"column":3}},"line":30}},"branchMap":{"0":{"loc":{"start":{"line":9,"column":4},"end":{"line":11,"column":5}},"type":"if","locations":[{"start":{"line":9,"column":4},"end":{"line":11,"column":5}},{"start":{},"end":{}}],"line":9},"1":{"loc":{"start":{"line":15,"column":4},"end":{"line":17,"column":5}},"type":"if","locations":[{"start":{"line":15,"column":4},"end":{"line":17,"column":5}},{"start":{},"end":{}}],"line":15},"2":{"loc":{"start":{"line":21,"column":4},"end":{"line":23,"column":5}},"type":"if","locations":[{"start":{"line":21,"column":4},"end":{"line":23,"column":5}},{"start":{},"end":{}}],"line":21}},"s":{"0":2,"1":10,"2":0,"3":0,"4":10,"5":0,"6":0,"7":10,"8":1,"9":1,"10":10,"11":0,"12":10,"13":1,"14":1,"15":10},"f":{"0":10,"1":0,"2":0,"3":1,"4":0,"5":1},"b":{"0":[0,0],"1":[0,0],"2":[1,0]},"_coverageSchema":"1a1c01bbd47fc00a2c39e90264f33305004495a9","hash":"af5f05d241f3724354df7ed3591c0dda794c53ef"}
,"/Users/pillgyeom/Desktop/jokeUI/src/utils/PenWCUtils.ts": {"path":"/Users/pillgyeom/Desktop/jokeUI/src/utils/PenWCUtils.ts","statementMap":{"0":{"start":{"line":1,"column":29},"end":{"line":1,"column":60}},"1":{"start":{"line":2,"column":24},"end":{"line":2,"column":68}}},"fnMap":{},"branchMap":{},"s":{"0":2,"1":2},"f":{},"b":{},"_coverageSchema":"1a1c01bbd47fc00a2c39e90264f33305004495a9","hash":"56591bb3e863a7ddc15c1462f7cbc369d4ec9b1e"}
}
