TN:
SF:src/components/Button/Button.tsx
FN:3,Button
FNF:1
FNH:1
FNDA:45,Button
DA:4,45
LF:1
LH:1
BRF:0
BRH:0
end_of_record
TN:
SF:src/components/Button/index.ts
FNF:0
FNH:0
LF:0
LH:0
BRF:0
BRH:0
end_of_record
TN:
SF:src/components/LineDrawer/LineDrawer.tsx
FN:5,LineDrawer
FN:14,(anonymous_1)
FNF:2
FNH:2
FNDA:6,LineDrawer
FNDA:2,(anonymous_1)
DA:6,6
DA:7,6
DA:9,6
DA:10,6
DA:12,6
DA:14,6
DA:15,2
DA:16,2
DA:17,2
DA:18,2
DA:19,2
DA:20,2
DA:21,2
DA:25,6
LF:14
LH:14
BRDA:17,0,0,2
BRDA:17,0,1,0
BRF:2
BRH:1
end_of_record
TN:
SF:src/components/LineDrawer/index.ts
FNF:0
FNH:0
LF:0
LH:0
BRF:0
BRH:0
end_of_record
TN:
SF:src/components/Pallet/Pallet.tsx
FN:12,Pallet
FN:19,(anonymous_1)
FN:29,(anonymous_2)
FN:30,(anonymous_3)
FN:36,(anonymous_4)
FNF:5
FNH:4
FNDA:10,Pallet
FNDA:1,(anonymous_1)
FNDA:5,(anonymous_2)
FNDA:0,(anonymous_3)
FNDA:100,(anonymous_4)
DA:13,10
DA:14,10
DA:19,10
DA:20,1
DA:22,10
DA:30,5
DA:37,100
LF:7
LH:7
BRDA:28,0,0,10
BRDA:28,0,1,1
BRF:2
BRH:2
end_of_record
TN:
SF:src/components/Pallet/index.ts
FNF:0
FNH:0
LF:0
LH:0
BRF:0
BRH:0
end_of_record
TN:
SF:src/utils/LineDrawerUtils.ts
FN:7,(anonymous_0)
FN:9,(anonymous_1)
FN:21,(anonymous_2)
FN:31,(anonymous_3)
FNF:4
FNH:4
FNDA:6,(anonymous_0)
FNDA:2,(anonymous_1)
FNDA:2,(anonymous_2)
FNDA:2,(anonymous_3)
DA:7,1
DA:8,6
DA:9,6
DA:10,2
DA:11,2
DA:12,2
DA:13,2
DA:14,2
DA:15,2
DA:16,2
DA:18,2
DA:21,6
DA:22,2
DA:23,0
DA:25,2
DA:26,2
DA:27,2
DA:28,2
DA:31,6
DA:32,2
DA:33,2
DA:34,2
DA:38,6
LF:23
LH:22
BRDA:11,0,0,2
BRDA:11,0,1,0
BRDA:22,1,0,0
BRDA:22,1,1,2
BRDA:22,2,0,2
BRDA:22,2,1,2
BRDA:32,3,0,2
BRDA:32,3,1,0
BRF:8
BRH:5
end_of_record
TN:
SF:src/utils/PalletUtils.ts
FN:7,(anonymous_0)
FN:8,(anonymous_1)
FN:14,(anonymous_2)
FN:20,(anonymous_3)
FN:26,(anonymous_4)
FN:30,(anonymous_5)
FNF:6
FNH:3
FNDA:10,(anonymous_0)
FNDA:0,(anonymous_1)
FNDA:0,(anonymous_2)
FNDA:1,(anonymous_3)
FNDA:0,(anonymous_4)
FNDA:1,(anonymous_5)
DA:7,2
DA:8,10
DA:9,0
DA:10,0
DA:14,10
DA:15,0
DA:16,0
DA:20,10
DA:21,1
DA:22,1
DA:26,10
DA:27,0
DA:30,10
DA:31,1
DA:32,1
DA:35,10
LF:16
LH:11
BRDA:9,0,0,0
BRDA:9,0,1,0
BRDA:15,1,0,0
BRDA:15,1,1,0
BRDA:21,2,0,1
BRDA:21,2,1,0
BRF:6
BRH:1
end_of_record
TN:
SF:src/utils/PenWCUtils.ts
FNF:0
FNH:0
DA:1,2
DA:2,2
LF:2
LH:2
BRF:0
BRH:0
end_of_record
